<?xml version="1.0" encoding="UTF-8"?>
<testng-results ignored="0" total="2" passed="2" failed="0" skipped="0">
  <reporter-output>
  </reporter-output>
  <suite started-at="2024-07-19T09:48:00 MYT" name="Default suite" finished-at="2024-07-19T09:48:26 MYT" duration-ms="25517">
    <groups>
    </groups>
    <test started-at="2024-07-19T09:48:00 MYT" name="Default test" finished-at="2024-07-19T09:48:26 MYT" duration-ms="25517">
      <class name="com.pos.project.Posdemo">
        <test-method is-config="true" signature="setup()[pri:0, instance:com.pos.project.Posdemo@54e1c68b]" started-at="2024-07-19T09:48:00 MYT" name="setup" finished-at="2024-07-19T09:48:03 MYT" duration-ms="2241" status="PASS">
          <reporter-output>
          </reporter-output>
        </test-method> <!-- setup -->
        <test-method signature="task1()[pri:0, instance:com.pos.project.Posdemo@54e1c68b]" started-at="2024-07-19T09:48:03 MYT" name="task1" finished-at="2024-07-19T09:48:14 MYT" duration-ms="11198" status="PASS">
          <reporter-output>
          </reporter-output>
        </test-method> <!-- task1 -->
        <test-method is-config="true" signature="setup()[pri:0, instance:com.pos.project.Posdemo@54e1c68b]" started-at="2024-07-19T09:48:14 MYT" name="setup" finished-at="2024-07-19T09:48:14 MYT" duration-ms="103" status="PASS">
          <reporter-output>
          </reporter-output>
        </test-method> <!-- setup -->
        <test-method signature="test2()[pri:0, instance:com.pos.project.Posdemo@54e1c68b]" started-at="2024-07-19T09:48:14 MYT" name="test2" finished-at="2024-07-19T09:48:26 MYT" duration-ms="11865" status="PASS">
          <reporter-output>
          </reporter-output>
        </test-method> <!-- test2 -->
      </class> <!-- com.pos.project.Posdemo -->
    </test> <!-- Default test -->
  </suite> <!-- Default suite -->
</testng-results>
